<?xml version="1.0" encoding="UTF-8"?>
<testsuite name="com.fernuni.searchengine.DemoApplicationTests" tests="1" skipped="0" failures="0" errors="0" timestamp="2016-06-24T08:34:26" hostname="knpc151.fernuni-hagen.de" time="0.026">
  <properties/>
  <testcase name="contextLoads" classname="com.fernuni.searchengine.DemoApplicationTests" time="0.026"/>
  <system-out><![CDATA[10:34:14.679 [Test worker] DEBUG org.springframework.test.context.junit4.SpringJUnit4ClassRunner - SpringJUnit4ClassRunner constructor called with [class com.fernuni.searchengine.DemoApplicationTests]
10:34:14.693 [Test worker] DEBUG org.springframework.test.context.BootstrapUtils - Instantiating CacheAwareContextLoaderDelegate from class [org.springframework.test.context.cache.DefaultCacheAwareContextLoaderDelegate]
10:34:14.708 [Test worker] DEBUG org.springframework.test.context.BootstrapUtils - Instantiating BootstrapContext using constructor [public org.springframework.test.context.support.DefaultBootstrapContext(java.lang.Class,org.springframework.test.context.CacheAwareContextLoaderDelegate)]
10:34:14.725 [Test worker] DEBUG org.springframework.test.context.BootstrapUtils - Instantiating TestContextBootstrapper for test class [com.fernuni.searchengine.DemoApplicationTests] from class [org.springframework.test.context.web.WebTestContextBootstrapper]
10:34:14.764 [Test worker] DEBUG org.springframework.test.context.web.WebTestContextBootstrapper - Found explicit ContextLoader class [org.springframework.boot.test.SpringApplicationContextLoader] for context configuration attributes [ContextConfigurationAttributes@61a33cf4 declaringClass = 'com.fernuni.searchengine.DemoApplicationTests', classes = '{class com.fernuni.searchengine.RESTController}', locations = '{}', inheritLocations = true, initializers = '{}', inheritInitializers = true, name = [null], contextLoaderClass = 'org.springframework.boot.test.SpringApplicationContextLoader']
10:34:14.776 [Test worker] DEBUG org.springframework.test.context.support.AbstractContextLoader - Did not detect default resource location for test class [com.fernuni.searchengine.DemoApplicationTests]: class path resource [com/fernuni/searchengine/DemoApplicationTests-context.xml] does not exist
10:34:14.777 [Test worker] DEBUG org.springframework.test.context.support.AbstractContextLoader - Did not detect default resource location for test class [com.fernuni.searchengine.DemoApplicationTests]: class path resource [com/fernuni/searchengine/DemoApplicationTestsContext.groovy] does not exist
10:34:14.778 [Test worker] INFO org.springframework.test.context.support.AbstractContextLoader - Could not detect default resource locations for test class [com.fernuni.searchengine.DemoApplicationTests]: no resource found for suffixes {-context.xml, Context.groovy}.
10:34:14.783 [Test worker] DEBUG org.springframework.test.context.support.ActiveProfilesUtils - Could not find an 'annotation declaring class' for annotation type [org.springframework.test.context.ActiveProfiles] and class [com.fernuni.searchengine.DemoApplicationTests]
10:34:14.793 [Test worker] DEBUG org.springframework.test.context.web.WebTestContextBootstrapper - @TestExecutionListeners is not present for class [com.fernuni.searchengine.DemoApplicationTests]: using defaults.
10:34:14.806 [Test worker] INFO org.springframework.test.context.web.WebTestContextBootstrapper - Loaded default TestExecutionListener class names from location [META-INF/spring.factories]: [org.springframework.test.context.web.ServletTestExecutionListener, org.springframework.test.context.support.DirtiesContextBeforeModesTestExecutionListener, org.springframework.test.context.support.DependencyInjectionTestExecutionListener, org.springframework.test.context.support.DirtiesContextTestExecutionListener, org.springframework.test.context.transaction.TransactionalTestExecutionListener, org.springframework.test.context.jdbc.SqlScriptsTestExecutionListener]
10:34:14.815 [Test worker] INFO org.springframework.test.context.web.WebTestContextBootstrapper - Could not instantiate TestExecutionListener [org.springframework.test.context.jdbc.SqlScriptsTestExecutionListener]. Specify custom listener classes or make the default listener classes (and their required dependencies) available. Offending class: [org/springframework/transaction/interceptor/TransactionAttribute]
10:34:14.821 [Test worker] INFO org.springframework.test.context.web.WebTestContextBootstrapper - Could not instantiate TestExecutionListener [org.springframework.test.context.transaction.TransactionalTestExecutionListener]. Specify custom listener classes or make the default listener classes (and their required dependencies) available. Offending class: [org/springframework/transaction/interceptor/TransactionAttributeSource]
10:34:14.825 [Test worker] INFO org.springframework.test.context.web.WebTestContextBootstrapper - Using TestExecutionListeners: [org.springframework.test.context.web.ServletTestExecutionListener@f5d56f8, org.springframework.test.context.support.DirtiesContextBeforeModesTestExecutionListener@52f1cfb7, org.springframework.test.context.support.DependencyInjectionTestExecutionListener@38673fae, org.springframework.test.context.support.DirtiesContextTestExecutionListener@6ae661a0]
10:34:14.830 [Test worker] DEBUG org.springframework.test.annotation.ProfileValueUtils - Retrieved @ProfileValueSourceConfiguration [null] for test class [com.fernuni.searchengine.DemoApplicationTests]
10:34:14.831 [Test worker] DEBUG org.springframework.test.annotation.ProfileValueUtils - Retrieved ProfileValueSource type [class org.springframework.test.annotation.SystemProfileValueSource] for class [com.fernuni.searchengine.DemoApplicationTests]
10:34:14.833 [Test worker] DEBUG org.springframework.test.annotation.ProfileValueUtils - Retrieved @ProfileValueSourceConfiguration [null] for test class [com.fernuni.searchengine.DemoApplicationTests]
10:34:14.834 [Test worker] DEBUG org.springframework.test.annotation.ProfileValueUtils - Retrieved ProfileValueSource type [class org.springframework.test.annotation.SystemProfileValueSource] for class [com.fernuni.searchengine.DemoApplicationTests]
10:34:14.839 [Test worker] DEBUG org.springframework.test.context.support.AbstractDirtiesContextTestExecutionListener - Before test class: context [DefaultTestContext@505a6d testClass = DemoApplicationTests, testInstance = [null], testMethod = [null], testException = [null], mergedContextConfiguration = [WebMergedContextConfiguration@629d3897 testClass = DemoApplicationTests, locations = '{}', classes = '{class com.fernuni.searchengine.RESTController}', contextInitializerClasses = '[]', activeProfiles = '{}', propertySourceLocations = '{}', propertySourceProperties = '{}', resourceBasePath = 'src/main/webapp', contextLoader = 'org.springframework.boot.test.SpringApplicationContextLoader', parent = [null]]], class annotated with @DirtiesContext [false] with mode [null].
10:34:14.841 [Test worker] DEBUG org.springframework.test.annotation.ProfileValueUtils - Retrieved @ProfileValueSourceConfiguration [null] for test class [com.fernuni.searchengine.DemoApplicationTests]
10:34:14.842 [Test worker] DEBUG org.springframework.test.annotation.ProfileValueUtils - Retrieved ProfileValueSource type [class org.springframework.test.annotation.SystemProfileValueSource] for class [com.fernuni.searchengine.DemoApplicationTests]
10:34:14.960 [Test worker] DEBUG org.springframework.core.env.StandardEnvironment - Adding [systemProperties] PropertySource with lowest search precedence
10:34:14.962 [Test worker] DEBUG org.springframework.core.env.StandardEnvironment - Adding [systemEnvironment] PropertySource with lowest search precedence
10:34:14.963 [Test worker] DEBUG org.springframework.core.env.StandardEnvironment - Initialized StandardEnvironment with PropertySources [systemProperties,systemEnvironment]
10:34:14.965 [Test worker] DEBUG org.springframework.core.env.StandardEnvironment - Adding [integrationTest] PropertySource with search precedence immediately lower than [systemEnvironment]

  .   ____          _            __ _ _
 /\\ / ___'_ __ _ _(_)_ __  __ _ \ \ \ \
( ( )\___ | '_ | '_| | '_ \/ _` | \ \ \ \
 \\/  ___)| |_)| | | | | || (_| |  ) ) ) )
  '  |____| .__|_| |_|_| |_\__, | / / / /
 =========|_|==============|___/=/_/_/_/
 :: Spring Boot ::        (v1.3.5.RELEASE)

2016-06-24 10:34:15.840  INFO 792 --- [    Test worker] c.f.searchengine.DemoApplicationTests    : Starting DemoApplicationTests on knpc151.fernuni-hagen.de with PID 792 (started by Nut in /Users/Nut/Google Drive/internship/IdeaProj/Searchengine)
2016-06-24 10:34:15.843  INFO 792 --- [    Test worker] c.f.searchengine.DemoApplicationTests    : No active profile set, falling back to default profiles: default
2016-06-24 10:34:16.112  INFO 792 --- [    Test worker] o.s.w.c.s.GenericWebApplicationContext   : Refreshing org.springframework.web.context.support.GenericWebApplicationContext@7b43302e: startup date [Fri Jun 24 10:34:16 CEST 2016]; root of context hierarchy
2016-06-24 10:34:21.631  INFO 792 --- [    Test worker] s.w.s.m.m.a.RequestMappingHandlerMapping : Mapped "{[/index]}" onto public java.lang.String com.fernuni.searchengine.RESTController.index()
2016-06-24 10:34:21.636  INFO 792 --- [    Test worker] s.w.s.m.m.a.RequestMappingHandlerMapping : Mapped "{[/stop]}" onto public void com.fernuni.searchengine.RESTController.exit()
2016-06-24 10:34:21.637  INFO 792 --- [    Test worker] s.w.s.m.m.a.RequestMappingHandlerMapping : Mapped "{[]}" onto public org.springframework.http.ResponseEntity com.fernuni.searchengine.RESTController.handle(javax.servlet.http.HttpServletRequest)
2016-06-24 10:34:21.638  INFO 792 --- [    Test worker] s.w.s.m.m.a.RequestMappingHandlerMapping : Mapped "{[/search],methods=[GET],params=[searchString]}" onto public java.util.ArrayList<com.fernuni.searchengine.SearchEngine.Result> com.fernuni.searchengine.RESTController.searchString(java.lang.String)
2016-06-24 10:34:21.639  INFO 792 --- [    Test worker] s.w.s.m.m.a.RequestMappingHandlerMapping : Mapped "{[/deleteOldIndex],methods=[DELETE]}" onto public boolean com.fernuni.searchengine.RESTController.deleteOldIndex()
2016-06-24 10:34:21.640  INFO 792 --- [    Test worker] s.w.s.m.m.a.RequestMappingHandlerMapping : Mapped "{[/deleteDataDir],methods=[DELETE],params=[path]}" onto public boolean com.fernuni.searchengine.RESTController.deleteDataDir(java.lang.String)
2016-06-24 10:34:21.641  INFO 792 --- [    Test worker] s.w.s.m.m.a.RequestMappingHandlerMapping : Mapped "{[/setIndexDir],methods=[POST],params=[path]}" onto public boolean com.fernuni.searchengine.RESTController.setIndexDir(java.lang.String)
2016-06-24 10:34:21.642  INFO 792 --- [    Test worker] s.w.s.m.m.a.RequestMappingHandlerMapping : Mapped "{[/addDataDir],methods=[POST],params=[path]}" onto public java.lang.String com.fernuni.searchengine.RESTController.addDataDir(java.lang.String)
2016-06-24 10:34:21.643  INFO 792 --- [    Test worker] s.w.s.m.m.a.RequestMappingHandlerMapping : Mapped "{[/status],methods=[GET]}" onto public java.lang.String com.fernuni.searchengine.RESTController.statusReport()
2016-06-24 10:34:21.644  INFO 792 --- [    Test worker] s.w.s.m.m.a.RequestMappingHandlerMapping : Mapped "{[/status/dataDir],methods=[GET]}" onto public java.lang.String com.fernuni.searchengine.RESTController.statusDataDir()
2016-06-24 10:34:21.644  INFO 792 --- [    Test worker] s.w.s.m.m.a.RequestMappingHandlerMapping : Mapped "{[/status/indexDir],methods=[GET]}" onto public java.lang.String com.fernuni.searchengine.RESTController.statusIndexDir()
2016-06-24 10:34:21.645  INFO 792 --- [    Test worker] s.w.s.m.m.a.RequestMappingHandlerMapping : Mapped "{[/useContent],methods=[PUT]}" onto public boolean com.fernuni.searchengine.RESTController.setContentStoreTrue()
2016-06-24 10:34:21.646  INFO 792 --- [    Test worker] s.w.s.m.m.a.RequestMappingHandlerMapping : Mapped "{[/notUseContent],methods=[PUT]}" onto public boolean com.fernuni.searchengine.RESTController.setContentStoreFalse()
2016-06-24 10:34:21.647  INFO 792 --- [    Test worker] s.w.s.m.m.a.RequestMappingHandlerMapping : Mapped "{[/usePreContent],methods=[PUT]}" onto public boolean com.fernuni.searchengine.RESTController.setPreContentStoreTrue()
2016-06-24 10:34:21.648  INFO 792 --- [    Test worker] s.w.s.m.m.a.RequestMappingHandlerMapping : Mapped "{[/notUsePreContent],methods=[PUT]}" onto public boolean com.fernuni.searchengine.RESTController.setPreContentStoreFalse()
2016-06-24 10:34:21.653  INFO 792 --- [    Test worker] s.w.s.m.m.a.RequestMappingHandlerMapping : Mapped "{[/autoIndex],methods=[PUT]}" onto public boolean com.fernuni.searchengine.RESTController.setAutoIndexOn()
2016-06-24 10:34:21.655  INFO 792 --- [    Test worker] s.w.s.m.m.a.RequestMappingHandlerMapping : Mapped "{[/noAutoIndex],methods=[PUT]}" onto public boolean com.fernuni.searchengine.RESTController.setAutoIndexOff()
2016-06-24 10:34:21.657  INFO 792 --- [    Test worker] s.w.s.m.m.a.RequestMappingHandlerMapping : Mapped "{[/]}" onto public java.lang.String com.fernuni.searchengine.RESTController.isRunning()
2016-06-24 10:34:21.676  INFO 792 --- [    Test worker] s.w.s.m.m.a.RequestMappingHandlerMapping : Mapped "{[/error]}" onto public org.springframework.http.ResponseEntity<java.util.Map<java.lang.String, java.lang.Object>> org.springframework.boot.autoconfigure.web.BasicErrorController.error(javax.servlet.http.HttpServletRequest)
2016-06-24 10:34:21.677  INFO 792 --- [    Test worker] s.w.s.m.m.a.RequestMappingHandlerMapping : Mapped "{[/error],produces=[text/html]}" onto public org.springframework.web.servlet.ModelAndView org.springframework.boot.autoconfigure.web.BasicErrorController.errorHtml(javax.servlet.http.HttpServletRequest,javax.servlet.http.HttpServletResponse)
2016-06-24 10:34:22.636  INFO 792 --- [    Test worker] s.w.s.m.m.a.RequestMappingHandlerAdapter : Looking for @ControllerAdvice: org.springframework.web.context.support.GenericWebApplicationContext@7b43302e: startup date [Fri Jun 24 10:34:16 CEST 2016]; root of context hierarchy
2016-06-24 10:34:25.636  INFO 792 --- [    Test worker] o.s.b.a.e.mvc.EndpointHandlerMapping     : Mapped "{[/mappings || /mappings.json],methods=[GET],produces=[application/json]}" onto public java.lang.Object org.springframework.boot.actuate.endpoint.mvc.EndpointMvcAdapter.invoke()
2016-06-24 10:34:25.638  INFO 792 --- [    Test worker] o.s.b.a.e.mvc.EndpointHandlerMapping     : Mapped "{[/configprops || /configprops.json],methods=[GET],produces=[application/json]}" onto public java.lang.Object org.springframework.boot.actuate.endpoint.mvc.EndpointMvcAdapter.invoke()
2016-06-24 10:34:25.639  INFO 792 --- [    Test worker] o.s.b.a.e.mvc.EndpointHandlerMapping     : Mapped "{[/beans || /beans.json],methods=[GET],produces=[application/json]}" onto public java.lang.Object org.springframework.boot.actuate.endpoint.mvc.EndpointMvcAdapter.invoke()
2016-06-24 10:34:25.641  INFO 792 --- [    Test worker] o.s.b.a.e.mvc.EndpointHandlerMapping     : Mapped "{[/info || /info.json],methods=[GET],produces=[application/json]}" onto public java.lang.Object org.springframework.boot.actuate.endpoint.mvc.EndpointMvcAdapter.invoke()
2016-06-24 10:34:25.645  INFO 792 --- [    Test worker] o.s.b.a.e.mvc.EndpointHandlerMapping     : Mapped "{[/dump || /dump.json],methods=[GET],produces=[application/json]}" onto public java.lang.Object org.springframework.boot.actuate.endpoint.mvc.EndpointMvcAdapter.invoke()
2016-06-24 10:34:25.647  INFO 792 --- [    Test worker] o.s.b.a.e.mvc.EndpointHandlerMapping     : Mapped "{[/metrics/{name:.*}],methods=[GET],produces=[application/json]}" onto public java.lang.Object org.springframework.boot.actuate.endpoint.mvc.MetricsMvcEndpoint.value(java.lang.String)
2016-06-24 10:34:25.647  INFO 792 --- [    Test worker] o.s.b.a.e.mvc.EndpointHandlerMapping     : Mapped "{[/metrics || /metrics.json],methods=[GET],produces=[application/json]}" onto public java.lang.Object org.springframework.boot.actuate.endpoint.mvc.EndpointMvcAdapter.invoke()
2016-06-24 10:34:25.649  INFO 792 --- [    Test worker] o.s.b.a.e.mvc.EndpointHandlerMapping     : Mapped "{[/health || /health.json],produces=[application/json]}" onto public java.lang.Object org.springframework.boot.actuate.endpoint.mvc.HealthMvcEndpoint.invoke(java.security.Principal)
2016-06-24 10:34:25.650  INFO 792 --- [    Test worker] o.s.b.a.e.mvc.EndpointHandlerMapping     : Mapped "{[/env/{name:.*}],methods=[GET],produces=[application/json]}" onto public java.lang.Object org.springframework.boot.actuate.endpoint.mvc.EnvironmentMvcEndpoint.value(java.lang.String)
2016-06-24 10:34:25.651  INFO 792 --- [    Test worker] o.s.b.a.e.mvc.EndpointHandlerMapping     : Mapped "{[/env || /env.json],methods=[GET],produces=[application/json]}" onto public java.lang.Object org.springframework.boot.actuate.endpoint.mvc.EndpointMvcAdapter.invoke()
2016-06-24 10:34:25.651  INFO 792 --- [    Test worker] o.s.b.a.e.mvc.EndpointHandlerMapping     : Mapped "{[/trace || /trace.json],methods=[GET],produces=[application/json]}" onto public java.lang.Object org.springframework.boot.actuate.endpoint.mvc.EndpointMvcAdapter.invoke()
2016-06-24 10:34:25.653  INFO 792 --- [    Test worker] o.s.b.a.e.mvc.EndpointHandlerMapping     : Mapped "{[/autoconfig || /autoconfig.json],methods=[GET],produces=[application/json]}" onto public java.lang.Object org.springframework.boot.actuate.endpoint.mvc.EndpointMvcAdapter.invoke()
2016-06-24 10:34:26.043  INFO 792 --- [    Test worker] c.f.searchengine.DemoApplicationTests    : Started DemoApplicationTests in 11.062 seconds (JVM running for 12.857)
]]></system-out>
  <system-err><![CDATA[]]></system-err>
</testsuite>
