<?xml version="1.0" encoding="UTF-8"?>
<testsuite name="com.fernuni.searchengine.DemoApplicationTests" tests="1" skipped="0" failures="0" errors="0" timestamp="2016-06-14T13:03:04" hostname="knpc151.fernuni-hagen.de" time="0.007">
  <properties/>
  <testcase name="contextLoads" classname="com.fernuni.searchengine.DemoApplicationTests" time="0.007"/>
  <system-out><![CDATA[15:02:56.351 [Test worker] DEBUG org.springframework.test.context.junit4.SpringJUnit4ClassRunner - SpringJUnit4ClassRunner constructor called with [class com.fernuni.searchengine.DemoApplicationTests]
15:02:56.363 [Test worker] DEBUG org.springframework.test.context.BootstrapUtils - Instantiating CacheAwareContextLoaderDelegate from class [org.springframework.test.context.cache.DefaultCacheAwareContextLoaderDelegate]
15:02:56.378 [Test worker] DEBUG org.springframework.test.context.BootstrapUtils - Instantiating BootstrapContext using constructor [public org.springframework.test.context.support.DefaultBootstrapContext(java.lang.Class,org.springframework.test.context.CacheAwareContextLoaderDelegate)]
15:02:56.399 [Test worker] DEBUG org.springframework.test.context.BootstrapUtils - Instantiating TestContextBootstrapper for test class [com.fernuni.searchengine.DemoApplicationTests] from class [org.springframework.test.context.web.WebTestContextBootstrapper]
15:02:56.433 [Test worker] DEBUG org.springframework.test.context.web.WebTestContextBootstrapper - Found explicit ContextLoader class [org.springframework.boot.test.SpringApplicationContextLoader] for context configuration attributes [ContextConfigurationAttributes@32009971 declaringClass = 'com.fernuni.searchengine.DemoApplicationTests', classes = '{class com.fernuni.searchengine.RESTController}', locations = '{}', inheritLocations = true, initializers = '{}', inheritInitializers = true, name = [null], contextLoaderClass = 'org.springframework.boot.test.SpringApplicationContextLoader']
15:02:56.452 [Test worker] DEBUG org.springframework.test.context.support.AbstractContextLoader - Did not detect default resource location for test class [com.fernuni.searchengine.DemoApplicationTests]: class path resource [com/fernuni/searchengine/DemoApplicationTests-context.xml] does not exist
15:02:56.453 [Test worker] DEBUG org.springframework.test.context.support.AbstractContextLoader - Did not detect default resource location for test class [com.fernuni.searchengine.DemoApplicationTests]: class path resource [com/fernuni/searchengine/DemoApplicationTestsContext.groovy] does not exist
15:02:56.454 [Test worker] INFO org.springframework.test.context.support.AbstractContextLoader - Could not detect default resource locations for test class [com.fernuni.searchengine.DemoApplicationTests]: no resource found for suffixes {-context.xml, Context.groovy}.
15:02:56.458 [Test worker] DEBUG org.springframework.test.context.support.ActiveProfilesUtils - Could not find an 'annotation declaring class' for annotation type [org.springframework.test.context.ActiveProfiles] and class [com.fernuni.searchengine.DemoApplicationTests]
15:02:56.468 [Test worker] DEBUG org.springframework.test.context.web.WebTestContextBootstrapper - @TestExecutionListeners is not present for class [com.fernuni.searchengine.DemoApplicationTests]: using defaults.
15:02:56.489 [Test worker] INFO org.springframework.test.context.web.WebTestContextBootstrapper - Loaded default TestExecutionListener class names from location [META-INF/spring.factories]: [org.springframework.test.context.web.ServletTestExecutionListener, org.springframework.test.context.support.DirtiesContextBeforeModesTestExecutionListener, org.springframework.test.context.support.DependencyInjectionTestExecutionListener, org.springframework.test.context.support.DirtiesContextTestExecutionListener, org.springframework.test.context.transaction.TransactionalTestExecutionListener, org.springframework.test.context.jdbc.SqlScriptsTestExecutionListener]
15:02:56.504 [Test worker] INFO org.springframework.test.context.web.WebTestContextBootstrapper - Could not instantiate TestExecutionListener [org.springframework.test.context.jdbc.SqlScriptsTestExecutionListener]. Specify custom listener classes or make the default listener classes (and their required dependencies) available. Offending class: [org/springframework/transaction/interceptor/TransactionAttribute]
15:02:56.506 [Test worker] INFO org.springframework.test.context.web.WebTestContextBootstrapper - Could not instantiate TestExecutionListener [org.springframework.test.context.transaction.TransactionalTestExecutionListener]. Specify custom listener classes or make the default listener classes (and their required dependencies) available. Offending class: [org/springframework/transaction/interceptor/TransactionAttributeSource]
15:02:56.513 [Test worker] INFO org.springframework.test.context.web.WebTestContextBootstrapper - Using TestExecutionListeners: [org.springframework.test.context.web.ServletTestExecutionListener@7cb6dac7, org.springframework.test.context.support.DirtiesContextBeforeModesTestExecutionListener@5294a6db, org.springframework.test.context.support.DependencyInjectionTestExecutionListener@673648f6, org.springframework.test.context.support.DirtiesContextTestExecutionListener@60437f0]
15:02:56.520 [Test worker] DEBUG org.springframework.test.annotation.ProfileValueUtils - Retrieved @ProfileValueSourceConfiguration [null] for test class [com.fernuni.searchengine.DemoApplicationTests]
15:02:56.521 [Test worker] DEBUG org.springframework.test.annotation.ProfileValueUtils - Retrieved ProfileValueSource type [class org.springframework.test.annotation.SystemProfileValueSource] for class [com.fernuni.searchengine.DemoApplicationTests]
15:02:56.523 [Test worker] DEBUG org.springframework.test.annotation.ProfileValueUtils - Retrieved @ProfileValueSourceConfiguration [null] for test class [com.fernuni.searchengine.DemoApplicationTests]
15:02:56.523 [Test worker] DEBUG org.springframework.test.annotation.ProfileValueUtils - Retrieved ProfileValueSource type [class org.springframework.test.annotation.SystemProfileValueSource] for class [com.fernuni.searchengine.DemoApplicationTests]
15:02:56.531 [Test worker] DEBUG org.springframework.test.context.support.AbstractDirtiesContextTestExecutionListener - Before test class: context [DefaultTestContext@24a9da3 testClass = DemoApplicationTests, testInstance = [null], testMethod = [null], testException = [null], mergedContextConfiguration = [WebMergedContextConfiguration@4a3a8a87 testClass = DemoApplicationTests, locations = '{}', classes = '{class com.fernuni.searchengine.RESTController}', contextInitializerClasses = '[]', activeProfiles = '{}', propertySourceLocations = '{}', propertySourceProperties = '{}', resourceBasePath = 'src/main/webapp', contextLoader = 'org.springframework.boot.test.SpringApplicationContextLoader', parent = [null]]], class annotated with @DirtiesContext [false] with mode [null].
15:02:56.532 [Test worker] DEBUG org.springframework.test.annotation.ProfileValueUtils - Retrieved @ProfileValueSourceConfiguration [null] for test class [com.fernuni.searchengine.DemoApplicationTests]
15:02:56.533 [Test worker] DEBUG org.springframework.test.annotation.ProfileValueUtils - Retrieved ProfileValueSource type [class org.springframework.test.annotation.SystemProfileValueSource] for class [com.fernuni.searchengine.DemoApplicationTests]
15:02:56.695 [Test worker] DEBUG org.springframework.core.env.StandardEnvironment - Adding [systemProperties] PropertySource with lowest search precedence
15:02:56.698 [Test worker] DEBUG org.springframework.core.env.StandardEnvironment - Adding [systemEnvironment] PropertySource with lowest search precedence
15:02:56.698 [Test worker] DEBUG org.springframework.core.env.StandardEnvironment - Initialized StandardEnvironment with PropertySources [systemProperties,systemEnvironment]
15:02:56.701 [Test worker] DEBUG org.springframework.core.env.StandardEnvironment - Adding [integrationTest] PropertySource with search precedence immediately lower than [systemEnvironment]

  .   ____          _            __ _ _
 /\\ / ___'_ __ _ _(_)_ __  __ _ \ \ \ \
( ( )\___ | '_ | '_| | '_ \/ _` | \ \ \ \
 \\/  ___)| |_)| | | | | || (_| |  ) ) ) )
  '  |____| .__|_| |_|_| |_\__, | / / / /
 =========|_|==============|___/=/_/_/_/
 :: Spring Boot ::        (v1.3.5.RELEASE)

2016-06-14 15:02:57.664  INFO 5113 --- [    Test worker] c.f.searchengine.DemoApplicationTests    : Starting DemoApplicationTests on knpc151.fernuni-hagen.de with PID 5113 (started by Nut in /Users/Nut/Google Drive/internship/IdeaProj/Searchengine)
2016-06-14 15:02:57.673  INFO 5113 --- [    Test worker] c.f.searchengine.DemoApplicationTests    : No active profile set, falling back to default profiles: default
2016-06-14 15:02:58.274  INFO 5113 --- [    Test worker] o.s.w.c.s.GenericWebApplicationContext   : Refreshing org.springframework.web.context.support.GenericWebApplicationContext@2b9aef43: startup date [Tue Jun 14 15:02:58 CEST 2016]; root of context hierarchy
2016-06-14 15:03:01.895  INFO 5113 --- [    Test worker] s.w.s.m.m.a.RequestMappingHandlerMapping : Mapped "{[/index]}" onto public java.lang.String com.fernuni.searchengine.RESTController.index()
2016-06-14 15:03:01.903  INFO 5113 --- [    Test worker] s.w.s.m.m.a.RequestMappingHandlerMapping : Mapped "{[]}" onto public org.springframework.http.ResponseEntity com.fernuni.searchengine.RESTController.handle(org.springframework.http.HttpHeaders,javax.servlet.http.HttpServletRequest)
2016-06-14 15:03:01.905  INFO 5113 --- [    Test worker] s.w.s.m.m.a.RequestMappingHandlerMapping : Mapped "{[/deleteOldIndex],methods=[DELETE]}" onto public boolean com.fernuni.searchengine.RESTController.deleteOldIndex()
2016-06-14 15:03:01.907  INFO 5113 --- [    Test worker] s.w.s.m.m.a.RequestMappingHandlerMapping : Mapped "{[/deleteDataDir],methods=[DELETE],params=[path]}" onto public boolean com.fernuni.searchengine.RESTController.deleteDataDir(java.lang.String)
2016-06-14 15:03:01.909  INFO 5113 --- [    Test worker] s.w.s.m.m.a.RequestMappingHandlerMapping : Mapped "{[/setIndexDir],methods=[POST],params=[path]}" onto public boolean com.fernuni.searchengine.RESTController.setIndexDir(java.lang.String)
2016-06-14 15:03:01.912  INFO 5113 --- [    Test worker] s.w.s.m.m.a.RequestMappingHandlerMapping : Mapped "{[/addDataDir],methods=[POST],params=[path]}" onto public java.lang.String com.fernuni.searchengine.RESTController.addDataDir(java.lang.String)
2016-06-14 15:03:01.915  INFO 5113 --- [    Test worker] s.w.s.m.m.a.RequestMappingHandlerMapping : Mapped "{[/status],methods=[GET]}" onto public java.lang.String com.fernuni.searchengine.RESTController.statusReport()
2016-06-14 15:03:01.917  INFO 5113 --- [    Test worker] s.w.s.m.m.a.RequestMappingHandlerMapping : Mapped "{[/status/dataDir],methods=[GET]}" onto public java.lang.String com.fernuni.searchengine.RESTController.statusDataDir()
2016-06-14 15:03:01.918  INFO 5113 --- [    Test worker] s.w.s.m.m.a.RequestMappingHandlerMapping : Mapped "{[/status/indexDir],methods=[GET]}" onto public java.lang.String com.fernuni.searchengine.RESTController.statusIndexDir()
2016-06-14 15:03:01.919  INFO 5113 --- [    Test worker] s.w.s.m.m.a.RequestMappingHandlerMapping : Mapped "{[/useContent],methods=[PUT]}" onto public boolean com.fernuni.searchengine.RESTController.setContentStoreTrue()
2016-06-14 15:03:01.921  INFO 5113 --- [    Test worker] s.w.s.m.m.a.RequestMappingHandlerMapping : Mapped "{[/notUseContent],methods=[PUT]}" onto public boolean com.fernuni.searchengine.RESTController.setContentStoreFalse()
2016-06-14 15:03:01.923  INFO 5113 --- [    Test worker] s.w.s.m.m.a.RequestMappingHandlerMapping : Mapped "{[/usePreContent],methods=[PUT]}" onto public boolean com.fernuni.searchengine.RESTController.setPreContentStoreTrue()
2016-06-14 15:03:01.926  INFO 5113 --- [    Test worker] s.w.s.m.m.a.RequestMappingHandlerMapping : Mapped "{[/notUsePreContent],methods=[PUT]}" onto public boolean com.fernuni.searchengine.RESTController.setPreContentStoreFalse()
2016-06-14 15:03:01.940  INFO 5113 --- [    Test worker] s.w.s.m.m.a.RequestMappingHandlerMapping : Mapped "{[/open],params=[path]}" onto public void com.fernuni.searchengine.RESTController.openFile(java.lang.String)
2016-06-14 15:03:01.943  INFO 5113 --- [    Test worker] s.w.s.m.m.a.RequestMappingHandlerMapping : Mapped "{[/search],methods=[GET],params=[searchString]}" onto public java.util.ArrayList<com.fernuni.searchengine.SearchEngine.Result> com.fernuni.searchengine.RESTController.searchString(java.lang.String)
2016-06-14 15:03:01.949  INFO 5113 --- [    Test worker] s.w.s.m.m.a.RequestMappingHandlerMapping : Mapped "{[/]}" onto public java.lang.String com.fernuni.searchengine.RESTController.isRunning()
2016-06-14 15:03:01.969  INFO 5113 --- [    Test worker] s.w.s.m.m.a.RequestMappingHandlerMapping : Mapped "{[/error]}" onto public org.springframework.http.ResponseEntity<java.util.Map<java.lang.String, java.lang.Object>> org.springframework.boot.autoconfigure.web.BasicErrorController.error(javax.servlet.http.HttpServletRequest)
2016-06-14 15:03:01.971  INFO 5113 --- [    Test worker] s.w.s.m.m.a.RequestMappingHandlerMapping : Mapped "{[/error],produces=[text/html]}" onto public org.springframework.web.servlet.ModelAndView org.springframework.boot.autoconfigure.web.BasicErrorController.errorHtml(javax.servlet.http.HttpServletRequest,javax.servlet.http.HttpServletResponse)
2016-06-14 15:03:02.343  INFO 5113 --- [    Test worker] s.w.s.m.m.a.RequestMappingHandlerAdapter : Looking for @ControllerAdvice: org.springframework.web.context.support.GenericWebApplicationContext@2b9aef43: startup date [Tue Jun 14 15:02:58 CEST 2016]; root of context hierarchy
2016-06-14 15:03:03.993  INFO 5113 --- [    Test worker] o.s.b.a.e.mvc.EndpointHandlerMapping     : Mapped "{[/env/{name:.*}],methods=[GET],produces=[application/json]}" onto public java.lang.Object org.springframework.boot.actuate.endpoint.mvc.EnvironmentMvcEndpoint.value(java.lang.String)
2016-06-14 15:03:03.994  INFO 5113 --- [    Test worker] o.s.b.a.e.mvc.EndpointHandlerMapping     : Mapped "{[/env || /env.json],methods=[GET],produces=[application/json]}" onto public java.lang.Object org.springframework.boot.actuate.endpoint.mvc.EndpointMvcAdapter.invoke()
2016-06-14 15:03:03.995  INFO 5113 --- [    Test worker] o.s.b.a.e.mvc.EndpointHandlerMapping     : Mapped "{[/mappings || /mappings.json],methods=[GET],produces=[application/json]}" onto public java.lang.Object org.springframework.boot.actuate.endpoint.mvc.EndpointMvcAdapter.invoke()
2016-06-14 15:03:03.997  INFO 5113 --- [    Test worker] o.s.b.a.e.mvc.EndpointHandlerMapping     : Mapped "{[/configprops || /configprops.json],methods=[GET],produces=[application/json]}" onto public java.lang.Object org.springframework.boot.actuate.endpoint.mvc.EndpointMvcAdapter.invoke()
2016-06-14 15:03:03.998  INFO 5113 --- [    Test worker] o.s.b.a.e.mvc.EndpointHandlerMapping     : Mapped "{[/metrics/{name:.*}],methods=[GET],produces=[application/json]}" onto public java.lang.Object org.springframework.boot.actuate.endpoint.mvc.MetricsMvcEndpoint.value(java.lang.String)
2016-06-14 15:03:03.999  INFO 5113 --- [    Test worker] o.s.b.a.e.mvc.EndpointHandlerMapping     : Mapped "{[/metrics || /metrics.json],methods=[GET],produces=[application/json]}" onto public java.lang.Object org.springframework.boot.actuate.endpoint.mvc.EndpointMvcAdapter.invoke()
2016-06-14 15:03:04.000  INFO 5113 --- [    Test worker] o.s.b.a.e.mvc.EndpointHandlerMapping     : Mapped "{[/autoconfig || /autoconfig.json],methods=[GET],produces=[application/json]}" onto public java.lang.Object org.springframework.boot.actuate.endpoint.mvc.EndpointMvcAdapter.invoke()
2016-06-14 15:03:04.002  INFO 5113 --- [    Test worker] o.s.b.a.e.mvc.EndpointHandlerMapping     : Mapped "{[/dump || /dump.json],methods=[GET],produces=[application/json]}" onto public java.lang.Object org.springframework.boot.actuate.endpoint.mvc.EndpointMvcAdapter.invoke()
2016-06-14 15:03:04.004  INFO 5113 --- [    Test worker] o.s.b.a.e.mvc.EndpointHandlerMapping     : Mapped "{[/trace || /trace.json],methods=[GET],produces=[application/json]}" onto public java.lang.Object org.springframework.boot.actuate.endpoint.mvc.EndpointMvcAdapter.invoke()
2016-06-14 15:03:04.005  INFO 5113 --- [    Test worker] o.s.b.a.e.mvc.EndpointHandlerMapping     : Mapped "{[/beans || /beans.json],methods=[GET],produces=[application/json]}" onto public java.lang.Object org.springframework.boot.actuate.endpoint.mvc.EndpointMvcAdapter.invoke()
2016-06-14 15:03:04.007  INFO 5113 --- [    Test worker] o.s.b.a.e.mvc.EndpointHandlerMapping     : Mapped "{[/health || /health.json],produces=[application/json]}" onto public java.lang.Object org.springframework.boot.actuate.endpoint.mvc.HealthMvcEndpoint.invoke(java.security.Principal)
2016-06-14 15:03:04.008  INFO 5113 --- [    Test worker] o.s.b.a.e.mvc.EndpointHandlerMapping     : Mapped "{[/info || /info.json],methods=[GET],produces=[application/json]}" onto public java.lang.Object org.springframework.boot.actuate.endpoint.mvc.EndpointMvcAdapter.invoke()
2016-06-14 15:03:04.348  INFO 5113 --- [    Test worker] c.f.searchengine.DemoApplicationTests    : Started DemoApplicationTests in 7.626 seconds (JVM running for 9.37)
]]></system-out>
  <system-err><![CDATA[]]></system-err>
</testsuite>
