<?xml version="1.0" encoding="UTF-8"?>
<testsuite name="com.fernuni.searchengine.DemoApplicationTests" tests="1" skipped="0" failures="0" errors="0" timestamp="2016-06-14T12:48:57" hostname="knpc151.fernuni-hagen.de" time="0.007">
  <properties/>
  <testcase name="contextLoads" classname="com.fernuni.searchengine.DemoApplicationTests" time="0.007"/>
  <system-out><![CDATA[14:48:48.913 [Test worker] DEBUG org.springframework.test.context.junit4.SpringJUnit4ClassRunner - SpringJUnit4ClassRunner constructor called with [class com.fernuni.searchengine.DemoApplicationTests]
14:48:48.922 [Test worker] DEBUG org.springframework.test.context.BootstrapUtils - Instantiating CacheAwareContextLoaderDelegate from class [org.springframework.test.context.cache.DefaultCacheAwareContextLoaderDelegate]
14:48:48.933 [Test worker] DEBUG org.springframework.test.context.BootstrapUtils - Instantiating BootstrapContext using constructor [public org.springframework.test.context.support.DefaultBootstrapContext(java.lang.Class,org.springframework.test.context.CacheAwareContextLoaderDelegate)]
14:48:48.963 [Test worker] DEBUG org.springframework.test.context.BootstrapUtils - Instantiating TestContextBootstrapper for test class [com.fernuni.searchengine.DemoApplicationTests] from class [org.springframework.test.context.web.WebTestContextBootstrapper]
14:48:49.012 [Test worker] DEBUG org.springframework.test.context.web.WebTestContextBootstrapper - Found explicit ContextLoader class [org.springframework.boot.test.SpringApplicationContextLoader] for context configuration attributes [ContextConfigurationAttributes@32009971 declaringClass = 'com.fernuni.searchengine.DemoApplicationTests', classes = '{class com.fernuni.searchengine.RESTController}', locations = '{}', inheritLocations = true, initializers = '{}', inheritInitializers = true, name = [null], contextLoaderClass = 'org.springframework.boot.test.SpringApplicationContextLoader']
14:48:49.025 [Test worker] DEBUG org.springframework.test.context.support.AbstractContextLoader - Did not detect default resource location for test class [com.fernuni.searchengine.DemoApplicationTests]: class path resource [com/fernuni/searchengine/DemoApplicationTests-context.xml] does not exist
14:48:49.026 [Test worker] DEBUG org.springframework.test.context.support.AbstractContextLoader - Did not detect default resource location for test class [com.fernuni.searchengine.DemoApplicationTests]: class path resource [com/fernuni/searchengine/DemoApplicationTestsContext.groovy] does not exist
14:48:49.027 [Test worker] INFO org.springframework.test.context.support.AbstractContextLoader - Could not detect default resource locations for test class [com.fernuni.searchengine.DemoApplicationTests]: no resource found for suffixes {-context.xml, Context.groovy}.
14:48:49.036 [Test worker] DEBUG org.springframework.test.context.support.ActiveProfilesUtils - Could not find an 'annotation declaring class' for annotation type [org.springframework.test.context.ActiveProfiles] and class [com.fernuni.searchengine.DemoApplicationTests]
14:48:49.044 [Test worker] DEBUG org.springframework.test.context.web.WebTestContextBootstrapper - @TestExecutionListeners is not present for class [com.fernuni.searchengine.DemoApplicationTests]: using defaults.
14:48:49.063 [Test worker] INFO org.springframework.test.context.web.WebTestContextBootstrapper - Loaded default TestExecutionListener class names from location [META-INF/spring.factories]: [org.springframework.test.context.web.ServletTestExecutionListener, org.springframework.test.context.support.DirtiesContextBeforeModesTestExecutionListener, org.springframework.test.context.support.DependencyInjectionTestExecutionListener, org.springframework.test.context.support.DirtiesContextTestExecutionListener, org.springframework.test.context.transaction.TransactionalTestExecutionListener, org.springframework.test.context.jdbc.SqlScriptsTestExecutionListener]
14:48:49.078 [Test worker] INFO org.springframework.test.context.web.WebTestContextBootstrapper - Could not instantiate TestExecutionListener [org.springframework.test.context.jdbc.SqlScriptsTestExecutionListener]. Specify custom listener classes or make the default listener classes (and their required dependencies) available. Offending class: [org/springframework/transaction/interceptor/TransactionAttribute]
14:48:49.079 [Test worker] INFO org.springframework.test.context.web.WebTestContextBootstrapper - Could not instantiate TestExecutionListener [org.springframework.test.context.transaction.TransactionalTestExecutionListener]. Specify custom listener classes or make the default listener classes (and their required dependencies) available. Offending class: [org/springframework/transaction/interceptor/TransactionAttributeSource]
14:48:49.086 [Test worker] INFO org.springframework.test.context.web.WebTestContextBootstrapper - Using TestExecutionListeners: [org.springframework.test.context.web.ServletTestExecutionListener@7cb6dac7, org.springframework.test.context.support.DirtiesContextBeforeModesTestExecutionListener@5294a6db, org.springframework.test.context.support.DependencyInjectionTestExecutionListener@673648f6, org.springframework.test.context.support.DirtiesContextTestExecutionListener@60437f0]
14:48:49.092 [Test worker] DEBUG org.springframework.test.annotation.ProfileValueUtils - Retrieved @ProfileValueSourceConfiguration [null] for test class [com.fernuni.searchengine.DemoApplicationTests]
14:48:49.092 [Test worker] DEBUG org.springframework.test.annotation.ProfileValueUtils - Retrieved ProfileValueSource type [class org.springframework.test.annotation.SystemProfileValueSource] for class [com.fernuni.searchengine.DemoApplicationTests]
14:48:49.094 [Test worker] DEBUG org.springframework.test.annotation.ProfileValueUtils - Retrieved @ProfileValueSourceConfiguration [null] for test class [com.fernuni.searchengine.DemoApplicationTests]
14:48:49.095 [Test worker] DEBUG org.springframework.test.annotation.ProfileValueUtils - Retrieved ProfileValueSource type [class org.springframework.test.annotation.SystemProfileValueSource] for class [com.fernuni.searchengine.DemoApplicationTests]
14:48:49.100 [Test worker] DEBUG org.springframework.test.context.support.AbstractDirtiesContextTestExecutionListener - Before test class: context [DefaultTestContext@24a9da3 testClass = DemoApplicationTests, testInstance = [null], testMethod = [null], testException = [null], mergedContextConfiguration = [WebMergedContextConfiguration@4a3a8a87 testClass = DemoApplicationTests, locations = '{}', classes = '{class com.fernuni.searchengine.RESTController}', contextInitializerClasses = '[]', activeProfiles = '{}', propertySourceLocations = '{}', propertySourceProperties = '{}', resourceBasePath = 'src/main/webapp', contextLoader = 'org.springframework.boot.test.SpringApplicationContextLoader', parent = [null]]], class annotated with @DirtiesContext [false] with mode [null].
14:48:49.102 [Test worker] DEBUG org.springframework.test.annotation.ProfileValueUtils - Retrieved @ProfileValueSourceConfiguration [null] for test class [com.fernuni.searchengine.DemoApplicationTests]
14:48:49.102 [Test worker] DEBUG org.springframework.test.annotation.ProfileValueUtils - Retrieved ProfileValueSource type [class org.springframework.test.annotation.SystemProfileValueSource] for class [com.fernuni.searchengine.DemoApplicationTests]
14:48:49.221 [Test worker] DEBUG org.springframework.core.env.StandardEnvironment - Adding [systemProperties] PropertySource with lowest search precedence
14:48:49.223 [Test worker] DEBUG org.springframework.core.env.StandardEnvironment - Adding [systemEnvironment] PropertySource with lowest search precedence
14:48:49.224 [Test worker] DEBUG org.springframework.core.env.StandardEnvironment - Initialized StandardEnvironment with PropertySources [systemProperties,systemEnvironment]
14:48:49.226 [Test worker] DEBUG org.springframework.core.env.StandardEnvironment - Adding [integrationTest] PropertySource with search precedence immediately lower than [systemEnvironment]

  .   ____          _            __ _ _
 /\\ / ___'_ __ _ _(_)_ __  __ _ \ \ \ \
( ( )\___ | '_ | '_| | '_ \/ _` | \ \ \ \
 \\/  ___)| |_)| | | | | || (_| |  ) ) ) )
  '  |____| .__|_| |_|_| |_\__, | / / / /
 =========|_|==============|___/=/_/_/_/
 :: Spring Boot ::        (v1.3.5.RELEASE)

2016-06-14 14:48:49.913  INFO 4991 --- [    Test worker] c.f.searchengine.DemoApplicationTests    : Starting DemoApplicationTests on knpc151.fernuni-hagen.de with PID 4991 (started by Nut in /Users/Nut/Google Drive/internship/IdeaProj/Searchengine)
2016-06-14 14:48:49.919  INFO 4991 --- [    Test worker] c.f.searchengine.DemoApplicationTests    : No active profile set, falling back to default profiles: default
2016-06-14 14:48:50.239  INFO 4991 --- [    Test worker] o.s.w.c.s.GenericWebApplicationContext   : Refreshing org.springframework.web.context.support.GenericWebApplicationContext@2b9aef43: startup date [Tue Jun 14 14:48:50 CEST 2016]; root of context hierarchy
2016-06-14 14:48:54.026  INFO 4991 --- [    Test worker] s.w.s.m.m.a.RequestMappingHandlerMapping : Mapped "{[/index]}" onto public java.lang.String com.fernuni.searchengine.RESTController.index()
2016-06-14 14:48:54.032  INFO 4991 --- [    Test worker] s.w.s.m.m.a.RequestMappingHandlerMapping : Mapped "{[]}" onto public org.springframework.http.ResponseEntity com.fernuni.searchengine.RESTController.handle(org.springframework.http.HttpHeaders,javax.servlet.http.HttpServletRequest)
2016-06-14 14:48:54.035  INFO 4991 --- [    Test worker] s.w.s.m.m.a.RequestMappingHandlerMapping : Mapped "{[/deleteOldIndex],methods=[DELETE]}" onto public boolean com.fernuni.searchengine.RESTController.deleteOldIndex()
2016-06-14 14:48:54.038  INFO 4991 --- [    Test worker] s.w.s.m.m.a.RequestMappingHandlerMapping : Mapped "{[/deleteDataDir],methods=[DELETE],params=[path]}" onto public boolean com.fernuni.searchengine.RESTController.deleteDataDir(java.lang.String)
2016-06-14 14:48:54.039  INFO 4991 --- [    Test worker] s.w.s.m.m.a.RequestMappingHandlerMapping : Mapped "{[/setIndexDir],methods=[POST],params=[path]}" onto public boolean com.fernuni.searchengine.RESTController.setIndexDir(java.lang.String)
2016-06-14 14:48:54.040  INFO 4991 --- [    Test worker] s.w.s.m.m.a.RequestMappingHandlerMapping : Mapped "{[/addDataDir],methods=[POST],params=[path]}" onto public java.lang.String com.fernuni.searchengine.RESTController.addDataDir(java.lang.String)
2016-06-14 14:48:54.042  INFO 4991 --- [    Test worker] s.w.s.m.m.a.RequestMappingHandlerMapping : Mapped "{[/status],methods=[GET]}" onto public java.lang.String com.fernuni.searchengine.RESTController.statusReport()
2016-06-14 14:48:54.044  INFO 4991 --- [    Test worker] s.w.s.m.m.a.RequestMappingHandlerMapping : Mapped "{[/status/dataDir],methods=[GET]}" onto public java.lang.String com.fernuni.searchengine.RESTController.statusDataDir()
2016-06-14 14:48:54.045  INFO 4991 --- [    Test worker] s.w.s.m.m.a.RequestMappingHandlerMapping : Mapped "{[/status/indexDir],methods=[GET]}" onto public java.lang.String com.fernuni.searchengine.RESTController.statusIndexDir()
2016-06-14 14:48:54.048  INFO 4991 --- [    Test worker] s.w.s.m.m.a.RequestMappingHandlerMapping : Mapped "{[/useContent],methods=[PUT]}" onto public boolean com.fernuni.searchengine.RESTController.setContentStoreTrue()
2016-06-14 14:48:54.049  INFO 4991 --- [    Test worker] s.w.s.m.m.a.RequestMappingHandlerMapping : Mapped "{[/notUseContent],methods=[PUT]}" onto public boolean com.fernuni.searchengine.RESTController.setContentStoreFalse()
2016-06-14 14:48:54.050  INFO 4991 --- [    Test worker] s.w.s.m.m.a.RequestMappingHandlerMapping : Mapped "{[/usePreContent],methods=[PUT]}" onto public boolean com.fernuni.searchengine.RESTController.setPreContentStoreTrue()
2016-06-14 14:48:54.052  INFO 4991 --- [    Test worker] s.w.s.m.m.a.RequestMappingHandlerMapping : Mapped "{[/notUsePreContent],methods=[PUT]}" onto public boolean com.fernuni.searchengine.RESTController.setPreContentStoreFalse()
2016-06-14 14:48:54.054  INFO 4991 --- [    Test worker] s.w.s.m.m.a.RequestMappingHandlerMapping : Mapped "{[/search],methods=[GET],params=[searchString]}" onto public java.util.ArrayList<com.fernuni.searchengine.SearchEngine.Result> com.fernuni.searchengine.RESTController.searchString(java.lang.String)
2016-06-14 14:48:54.055  INFO 4991 --- [    Test worker] s.w.s.m.m.a.RequestMappingHandlerMapping : Mapped "{[/]}" onto public java.lang.String com.fernuni.searchengine.RESTController.isRunning()
2016-06-14 14:48:54.109  INFO 4991 --- [    Test worker] s.w.s.m.m.a.RequestMappingHandlerMapping : Mapped "{[/error]}" onto public org.springframework.http.ResponseEntity<java.util.Map<java.lang.String, java.lang.Object>> org.springframework.boot.autoconfigure.web.BasicErrorController.error(javax.servlet.http.HttpServletRequest)
2016-06-14 14:48:54.110  INFO 4991 --- [    Test worker] s.w.s.m.m.a.RequestMappingHandlerMapping : Mapped "{[/error],produces=[text/html]}" onto public org.springframework.web.servlet.ModelAndView org.springframework.boot.autoconfigure.web.BasicErrorController.errorHtml(javax.servlet.http.HttpServletRequest,javax.servlet.http.HttpServletResponse)
2016-06-14 14:48:54.620  INFO 4991 --- [    Test worker] s.w.s.m.m.a.RequestMappingHandlerAdapter : Looking for @ControllerAdvice: org.springframework.web.context.support.GenericWebApplicationContext@2b9aef43: startup date [Tue Jun 14 14:48:50 CEST 2016]; root of context hierarchy
2016-06-14 14:48:56.777  INFO 4991 --- [    Test worker] o.s.b.a.e.mvc.EndpointHandlerMapping     : Mapped "{[/env/{name:.*}],methods=[GET],produces=[application/json]}" onto public java.lang.Object org.springframework.boot.actuate.endpoint.mvc.EnvironmentMvcEndpoint.value(java.lang.String)
2016-06-14 14:48:56.779  INFO 4991 --- [    Test worker] o.s.b.a.e.mvc.EndpointHandlerMapping     : Mapped "{[/env || /env.json],methods=[GET],produces=[application/json]}" onto public java.lang.Object org.springframework.boot.actuate.endpoint.mvc.EndpointMvcAdapter.invoke()
2016-06-14 14:48:56.782  INFO 4991 --- [    Test worker] o.s.b.a.e.mvc.EndpointHandlerMapping     : Mapped "{[/metrics/{name:.*}],methods=[GET],produces=[application/json]}" onto public java.lang.Object org.springframework.boot.actuate.endpoint.mvc.MetricsMvcEndpoint.value(java.lang.String)
2016-06-14 14:48:56.783  INFO 4991 --- [    Test worker] o.s.b.a.e.mvc.EndpointHandlerMapping     : Mapped "{[/metrics || /metrics.json],methods=[GET],produces=[application/json]}" onto public java.lang.Object org.springframework.boot.actuate.endpoint.mvc.EndpointMvcAdapter.invoke()
2016-06-14 14:48:56.792  INFO 4991 --- [    Test worker] o.s.b.a.e.mvc.EndpointHandlerMapping     : Mapped "{[/info || /info.json],methods=[GET],produces=[application/json]}" onto public java.lang.Object org.springframework.boot.actuate.endpoint.mvc.EndpointMvcAdapter.invoke()
2016-06-14 14:48:56.796  INFO 4991 --- [    Test worker] o.s.b.a.e.mvc.EndpointHandlerMapping     : Mapped "{[/beans || /beans.json],methods=[GET],produces=[application/json]}" onto public java.lang.Object org.springframework.boot.actuate.endpoint.mvc.EndpointMvcAdapter.invoke()
2016-06-14 14:48:56.802  INFO 4991 --- [    Test worker] o.s.b.a.e.mvc.EndpointHandlerMapping     : Mapped "{[/configprops || /configprops.json],methods=[GET],produces=[application/json]}" onto public java.lang.Object org.springframework.boot.actuate.endpoint.mvc.EndpointMvcAdapter.invoke()
2016-06-14 14:48:56.810  INFO 4991 --- [    Test worker] o.s.b.a.e.mvc.EndpointHandlerMapping     : Mapped "{[/autoconfig || /autoconfig.json],methods=[GET],produces=[application/json]}" onto public java.lang.Object org.springframework.boot.actuate.endpoint.mvc.EndpointMvcAdapter.invoke()
2016-06-14 14:48:56.814  INFO 4991 --- [    Test worker] o.s.b.a.e.mvc.EndpointHandlerMapping     : Mapped "{[/trace || /trace.json],methods=[GET],produces=[application/json]}" onto public java.lang.Object org.springframework.boot.actuate.endpoint.mvc.EndpointMvcAdapter.invoke()
2016-06-14 14:48:56.816  INFO 4991 --- [    Test worker] o.s.b.a.e.mvc.EndpointHandlerMapping     : Mapped "{[/mappings || /mappings.json],methods=[GET],produces=[application/json]}" onto public java.lang.Object org.springframework.boot.actuate.endpoint.mvc.EndpointMvcAdapter.invoke()
2016-06-14 14:48:56.819  INFO 4991 --- [    Test worker] o.s.b.a.e.mvc.EndpointHandlerMapping     : Mapped "{[/dump || /dump.json],methods=[GET],produces=[application/json]}" onto public java.lang.Object org.springframework.boot.actuate.endpoint.mvc.EndpointMvcAdapter.invoke()
2016-06-14 14:48:56.826  INFO 4991 --- [    Test worker] o.s.b.a.e.mvc.EndpointHandlerMapping     : Mapped "{[/health || /health.json],produces=[application/json]}" onto public java.lang.Object org.springframework.boot.actuate.endpoint.mvc.HealthMvcEndpoint.invoke(java.security.Principal)
2016-06-14 14:48:57.338  INFO 4991 --- [    Test worker] c.f.searchengine.DemoApplicationTests    : Started DemoApplicationTests in 8.096 seconds (JVM running for 9.81)
]]></system-out>
  <system-err><![CDATA[]]></system-err>
</testsuite>
