<?xml version="1.0" encoding="UTF-8"?>
<testsuite name="com.fernuni.searchengine.DemoApplicationTests" tests="1" skipped="0" failures="0" errors="0" timestamp="2016-06-29T09:05:10" hostname="Winuts-MacBook-Air.local" time="0.014">
  <properties/>
  <testcase name="contextLoads" classname="com.fernuni.searchengine.DemoApplicationTests" time="0.014"/>
  <system-out><![CDATA[11:04:59.371 [Test worker] DEBUG org.springframework.test.context.junit4.SpringJUnit4ClassRunner - SpringJUnit4ClassRunner constructor called with [class com.fernuni.searchengine.DemoApplicationTests]
11:04:59.381 [Test worker] DEBUG org.springframework.test.context.BootstrapUtils - Instantiating CacheAwareContextLoaderDelegate from class [org.springframework.test.context.cache.DefaultCacheAwareContextLoaderDelegate]
11:04:59.393 [Test worker] DEBUG org.springframework.test.context.BootstrapUtils - Instantiating BootstrapContext using constructor [public org.springframework.test.context.support.DefaultBootstrapContext(java.lang.Class,org.springframework.test.context.CacheAwareContextLoaderDelegate)]
11:04:59.429 [Test worker] DEBUG org.springframework.test.context.BootstrapUtils - Instantiating TestContextBootstrapper for test class [com.fernuni.searchengine.DemoApplicationTests] from class [org.springframework.test.context.web.WebTestContextBootstrapper]
11:04:59.472 [Test worker] DEBUG org.springframework.test.context.web.WebTestContextBootstrapper - Found explicit ContextLoader class [org.springframework.boot.test.SpringApplicationContextLoader] for context configuration attributes [ContextConfigurationAttributes@106c276b declaringClass = 'com.fernuni.searchengine.DemoApplicationTests', classes = '{class com.fernuni.searchengine.RESTController}', locations = '{}', inheritLocations = true, initializers = '{}', inheritInitializers = true, name = [null], contextLoaderClass = 'org.springframework.boot.test.SpringApplicationContextLoader']
11:04:59.496 [Test worker] DEBUG org.springframework.test.context.support.AbstractContextLoader - Did not detect default resource location for test class [com.fernuni.searchengine.DemoApplicationTests]: class path resource [com/fernuni/searchengine/DemoApplicationTests-context.xml] does not exist
11:04:59.498 [Test worker] DEBUG org.springframework.test.context.support.AbstractContextLoader - Did not detect default resource location for test class [com.fernuni.searchengine.DemoApplicationTests]: class path resource [com/fernuni/searchengine/DemoApplicationTestsContext.groovy] does not exist
11:04:59.499 [Test worker] INFO org.springframework.test.context.support.AbstractContextLoader - Could not detect default resource locations for test class [com.fernuni.searchengine.DemoApplicationTests]: no resource found for suffixes {-context.xml, Context.groovy}.
11:04:59.506 [Test worker] DEBUG org.springframework.test.context.support.ActiveProfilesUtils - Could not find an 'annotation declaring class' for annotation type [org.springframework.test.context.ActiveProfiles] and class [com.fernuni.searchengine.DemoApplicationTests]
11:04:59.514 [Test worker] DEBUG org.springframework.test.context.web.WebTestContextBootstrapper - @TestExecutionListeners is not present for class [com.fernuni.searchengine.DemoApplicationTests]: using defaults.
11:04:59.529 [Test worker] INFO org.springframework.test.context.web.WebTestContextBootstrapper - Loaded default TestExecutionListener class names from location [META-INF/spring.factories]: [org.springframework.test.context.web.ServletTestExecutionListener, org.springframework.test.context.support.DirtiesContextBeforeModesTestExecutionListener, org.springframework.test.context.support.DependencyInjectionTestExecutionListener, org.springframework.test.context.support.DirtiesContextTestExecutionListener, org.springframework.test.context.transaction.TransactionalTestExecutionListener, org.springframework.test.context.jdbc.SqlScriptsTestExecutionListener]
11:04:59.539 [Test worker] INFO org.springframework.test.context.web.WebTestContextBootstrapper - Could not instantiate TestExecutionListener [org.springframework.test.context.jdbc.SqlScriptsTestExecutionListener]. Specify custom listener classes or make the default listener classes (and their required dependencies) available. Offending class: [org/springframework/transaction/interceptor/TransactionAttribute]
11:04:59.552 [Test worker] INFO org.springframework.test.context.web.WebTestContextBootstrapper - Could not instantiate TestExecutionListener [org.springframework.test.context.transaction.TransactionalTestExecutionListener]. Specify custom listener classes or make the default listener classes (and their required dependencies) available. Offending class: [org/springframework/transaction/interceptor/TransactionAttributeSource]
11:04:59.558 [Test worker] INFO org.springframework.test.context.web.WebTestContextBootstrapper - Using TestExecutionListeners: [org.springframework.test.context.web.ServletTestExecutionListener@3df31ebb, org.springframework.test.context.support.DirtiesContextBeforeModesTestExecutionListener@2b416dfc, org.springframework.test.context.support.DependencyInjectionTestExecutionListener@4df0ab66, org.springframework.test.context.support.DirtiesContextTestExecutionListener@29619e07]
11:04:59.572 [Test worker] DEBUG org.springframework.test.annotation.ProfileValueUtils - Retrieved @ProfileValueSourceConfiguration [null] for test class [com.fernuni.searchengine.DemoApplicationTests]
11:04:59.576 [Test worker] DEBUG org.springframework.test.annotation.ProfileValueUtils - Retrieved ProfileValueSource type [class org.springframework.test.annotation.SystemProfileValueSource] for class [com.fernuni.searchengine.DemoApplicationTests]
11:04:59.584 [Test worker] DEBUG org.springframework.test.annotation.ProfileValueUtils - Retrieved @ProfileValueSourceConfiguration [null] for test class [com.fernuni.searchengine.DemoApplicationTests]
11:04:59.589 [Test worker] DEBUG org.springframework.test.annotation.ProfileValueUtils - Retrieved ProfileValueSource type [class org.springframework.test.annotation.SystemProfileValueSource] for class [com.fernuni.searchengine.DemoApplicationTests]
11:04:59.600 [Test worker] DEBUG org.springframework.test.context.support.AbstractDirtiesContextTestExecutionListener - Before test class: context [DefaultTestContext@385a0ebf testClass = DemoApplicationTests, testInstance = [null], testMethod = [null], testException = [null], mergedContextConfiguration = [WebMergedContextConfiguration@55b3995b testClass = DemoApplicationTests, locations = '{}', classes = '{class com.fernuni.searchengine.RESTController}', contextInitializerClasses = '[]', activeProfiles = '{}', propertySourceLocations = '{}', propertySourceProperties = '{}', resourceBasePath = 'src/main/webapp', contextLoader = 'org.springframework.boot.test.SpringApplicationContextLoader', parent = [null]]], class annotated with @DirtiesContext [false] with mode [null].
11:04:59.604 [Test worker] DEBUG org.springframework.test.annotation.ProfileValueUtils - Retrieved @ProfileValueSourceConfiguration [null] for test class [com.fernuni.searchengine.DemoApplicationTests]
11:04:59.608 [Test worker] DEBUG org.springframework.test.annotation.ProfileValueUtils - Retrieved ProfileValueSource type [class org.springframework.test.annotation.SystemProfileValueSource] for class [com.fernuni.searchengine.DemoApplicationTests]
11:04:59.737 [Test worker] DEBUG org.springframework.core.env.StandardEnvironment - Adding [systemProperties] PropertySource with lowest search precedence
11:04:59.739 [Test worker] DEBUG org.springframework.core.env.StandardEnvironment - Adding [systemEnvironment] PropertySource with lowest search precedence
11:04:59.739 [Test worker] DEBUG org.springframework.core.env.StandardEnvironment - Initialized StandardEnvironment with PropertySources [systemProperties,systemEnvironment]
11:04:59.741 [Test worker] DEBUG org.springframework.core.env.StandardEnvironment - Adding [integrationTest] PropertySource with search precedence immediately lower than [systemEnvironment]

  .   ____          _            __ _ _
 /\\ / ___'_ __ _ _(_)_ __  __ _ \ \ \ \
( ( )\___ | '_ | '_| | '_ \/ _` | \ \ \ \
 \\/  ___)| |_)| | | | | || (_| |  ) ) ) )
  '  |____| .__|_| |_|_| |_\__, | / / / /
 =========|_|==============|___/=/_/_/_/
 :: Spring Boot ::        (v1.3.5.RELEASE)

2016-06-29 11:05:00.330  INFO 9007 --- [    Test worker] c.f.searchengine.DemoApplicationTests    : Starting DemoApplicationTests on Winuts-MacBook-Air.local with PID 9007 (started by Nut in /Users/Nut/Google Drive/internship/IdeaProj/Searchengine)
2016-06-29 11:05:00.347  INFO 9007 --- [    Test worker] c.f.searchengine.DemoApplicationTests    : No active profile set, falling back to default profiles: default
2016-06-29 11:05:00.559  INFO 9007 --- [    Test worker] o.s.w.c.s.GenericWebApplicationContext   : Refreshing org.springframework.web.context.support.GenericWebApplicationContext@41a58b4: startup date [Wed Jun 29 11:05:00 CEST 2016]; root of context hierarchy
2016-06-29 11:05:04.478  INFO 9007 --- [    Test worker] com.fernuni.searchengine.RESTController  : [/setIndexDir] was called with parameters	[path:/Users/Nut/Documents/internship/index]
2016-06-29 11:05:04.509  INFO 9007 --- [    Test worker] com.fernuni.searchengine.RESTController  : [/addDataDir] was called with parameters	[path:/Users/Nut/Documents/internship]
2016-06-29 11:05:04.522  INFO 9007 --- [    Test worker] c.f.searchengine.FileWatcher.WatchDir    : Scanning /Users/Nut/Documents/internship ...
2016-06-29 11:05:05.430  INFO 9007 --- [    Test worker] c.f.searchengine.FileWatcher.WatchDir    : Done.
2016-06-29 11:05:07.183  INFO 9007 --- [    Test worker] s.w.s.m.m.a.RequestMappingHandlerMapping : Mapped "{[/index]}" onto public java.lang.String com.fernuni.searchengine.RESTController.index()
2016-06-29 11:05:07.190  INFO 9007 --- [    Test worker] s.w.s.m.m.a.RequestMappingHandlerMapping : Mapped "{[/stop]}" onto public void com.fernuni.searchengine.RESTController.exit()
2016-06-29 11:05:07.191  INFO 9007 --- [    Test worker] s.w.s.m.m.a.RequestMappingHandlerMapping : Mapped "{[]}" onto public org.springframework.http.ResponseEntity com.fernuni.searchengine.RESTController.handle(javax.servlet.http.HttpServletRequest)
2016-06-29 11:05:07.193  INFO 9007 --- [    Test worker] s.w.s.m.m.a.RequestMappingHandlerMapping : Mapped "{[/search],methods=[GET],params=[searchString]}" onto public java.util.ArrayList<com.fernuni.searchengine.SearchEngine.Result> com.fernuni.searchengine.RESTController.searchString(java.lang.String)
2016-06-29 11:05:07.194  INFO 9007 --- [    Test worker] s.w.s.m.m.a.RequestMappingHandlerMapping : Mapped "{[/deleteOldIndex],methods=[DELETE]}" onto public boolean com.fernuni.searchengine.RESTController.deleteOldIndex()
2016-06-29 11:05:07.195  INFO 9007 --- [    Test worker] s.w.s.m.m.a.RequestMappingHandlerMapping : Mapped "{[/deleteDataDir],methods=[POST],params=[path]}" onto public boolean com.fernuni.searchengine.RESTController.deleteDataDir(java.lang.String)
2016-06-29 11:05:07.216  INFO 9007 --- [    Test worker] s.w.s.m.m.a.RequestMappingHandlerMapping : Mapped "{[/setIndexDir],methods=[POST],params=[path]}" onto public boolean com.fernuni.searchengine.RESTController.setIndexDir(java.lang.String)
2016-06-29 11:05:07.217  INFO 9007 --- [    Test worker] s.w.s.m.m.a.RequestMappingHandlerMapping : Mapped "{[/addDataDir],methods=[POST],params=[path]}" onto public java.lang.String com.fernuni.searchengine.RESTController.addDataDir(java.lang.String)
2016-06-29 11:05:07.218  INFO 9007 --- [    Test worker] s.w.s.m.m.a.RequestMappingHandlerMapping : Mapped "{[/status],methods=[GET]}" onto public java.lang.String com.fernuni.searchengine.RESTController.statusReport()
2016-06-29 11:05:07.220  INFO 9007 --- [    Test worker] s.w.s.m.m.a.RequestMappingHandlerMapping : Mapped "{[/status/dataDir],methods=[GET]}" onto public java.lang.String com.fernuni.searchengine.RESTController.statusDataDir()
2016-06-29 11:05:07.221  INFO 9007 --- [    Test worker] s.w.s.m.m.a.RequestMappingHandlerMapping : Mapped "{[/status/indexDir],methods=[GET]}" onto public java.lang.String com.fernuni.searchengine.RESTController.statusIndexDir()
2016-06-29 11:05:07.222  INFO 9007 --- [    Test worker] s.w.s.m.m.a.RequestMappingHandlerMapping : Mapped "{[/useContent],methods=[PUT]}" onto public boolean com.fernuni.searchengine.RESTController.setContentStoreTrue()
2016-06-29 11:05:07.227  INFO 9007 --- [    Test worker] s.w.s.m.m.a.RequestMappingHandlerMapping : Mapped "{[/notUseContent],methods=[PUT]}" onto public boolean com.fernuni.searchengine.RESTController.setContentStoreFalse()
2016-06-29 11:05:07.229  INFO 9007 --- [    Test worker] s.w.s.m.m.a.RequestMappingHandlerMapping : Mapped "{[/usePreContent],methods=[PUT]}" onto public boolean com.fernuni.searchengine.RESTController.setPreContentStoreTrue()
2016-06-29 11:05:07.231  INFO 9007 --- [    Test worker] s.w.s.m.m.a.RequestMappingHandlerMapping : Mapped "{[/notUsePreContent],methods=[PUT]}" onto public boolean com.fernuni.searchengine.RESTController.setPreContentStoreFalse()
2016-06-29 11:05:07.235  INFO 9007 --- [    Test worker] s.w.s.m.m.a.RequestMappingHandlerMapping : Mapped "{[/autoIndex],methods=[PUT]}" onto public boolean com.fernuni.searchengine.RESTController.setAutoIndexOn()
2016-06-29 11:05:07.238  INFO 9007 --- [    Test worker] s.w.s.m.m.a.RequestMappingHandlerMapping : Mapped "{[/noAutoIndex],methods=[PUT]}" onto public boolean com.fernuni.searchengine.RESTController.setAutoIndexOff()
2016-06-29 11:05:07.239  INFO 9007 --- [    Test worker] s.w.s.m.m.a.RequestMappingHandlerMapping : Mapped "{[/isPrecontent]}" onto public java.lang.String com.fernuni.searchengine.RESTController.isPrecontent()
2016-06-29 11:05:07.241  INFO 9007 --- [    Test worker] s.w.s.m.m.a.RequestMappingHandlerMapping : Mapped "{[/isContent]}" onto public java.lang.String com.fernuni.searchengine.RESTController.isContent()
2016-06-29 11:05:07.242  INFO 9007 --- [    Test worker] s.w.s.m.m.a.RequestMappingHandlerMapping : Mapped "{[/isAutoIndex]}" onto public java.lang.String com.fernuni.searchengine.RESTController.isAutoIndex()
2016-06-29 11:05:07.243  INFO 9007 --- [    Test worker] s.w.s.m.m.a.RequestMappingHandlerMapping : Mapped "{[/]}" onto public java.lang.String com.fernuni.searchengine.RESTController.isRunning()
2016-06-29 11:05:07.267  INFO 9007 --- [    Test worker] s.w.s.m.m.a.RequestMappingHandlerMapping : Mapped "{[/error]}" onto public org.springframework.http.ResponseEntity<java.util.Map<java.lang.String, java.lang.Object>> org.springframework.boot.autoconfigure.web.BasicErrorController.error(javax.servlet.http.HttpServletRequest)
2016-06-29 11:05:07.270  INFO 9007 --- [    Test worker] s.w.s.m.m.a.RequestMappingHandlerMapping : Mapped "{[/error],produces=[text/html]}" onto public org.springframework.web.servlet.ModelAndView org.springframework.boot.autoconfigure.web.BasicErrorController.errorHtml(javax.servlet.http.HttpServletRequest,javax.servlet.http.HttpServletResponse)
2016-06-29 11:05:07.698  INFO 9007 --- [    Test worker] s.w.s.m.m.a.RequestMappingHandlerAdapter : Looking for @ControllerAdvice: org.springframework.web.context.support.GenericWebApplicationContext@41a58b4: startup date [Wed Jun 29 11:05:00 CEST 2016]; root of context hierarchy
2016-06-29 11:05:09.805  INFO 9007 --- [    Test worker] o.s.b.a.e.mvc.EndpointHandlerMapping     : Mapped "{[/autoconfig || /autoconfig.json],methods=[GET],produces=[application/json]}" onto public java.lang.Object org.springframework.boot.actuate.endpoint.mvc.EndpointMvcAdapter.invoke()
2016-06-29 11:05:09.807  INFO 9007 --- [    Test worker] o.s.b.a.e.mvc.EndpointHandlerMapping     : Mapped "{[/dump || /dump.json],methods=[GET],produces=[application/json]}" onto public java.lang.Object org.springframework.boot.actuate.endpoint.mvc.EndpointMvcAdapter.invoke()
2016-06-29 11:05:09.808  INFO 9007 --- [    Test worker] o.s.b.a.e.mvc.EndpointHandlerMapping     : Mapped "{[/beans || /beans.json],methods=[GET],produces=[application/json]}" onto public java.lang.Object org.springframework.boot.actuate.endpoint.mvc.EndpointMvcAdapter.invoke()
2016-06-29 11:05:09.810  INFO 9007 --- [    Test worker] o.s.b.a.e.mvc.EndpointHandlerMapping     : Mapped "{[/health || /health.json],produces=[application/json]}" onto public java.lang.Object org.springframework.boot.actuate.endpoint.mvc.HealthMvcEndpoint.invoke(java.security.Principal)
2016-06-29 11:05:09.812  INFO 9007 --- [    Test worker] o.s.b.a.e.mvc.EndpointHandlerMapping     : Mapped "{[/configprops || /configprops.json],methods=[GET],produces=[application/json]}" onto public java.lang.Object org.springframework.boot.actuate.endpoint.mvc.EndpointMvcAdapter.invoke()
2016-06-29 11:05:09.814  INFO 9007 --- [    Test worker] o.s.b.a.e.mvc.EndpointHandlerMapping     : Mapped "{[/env/{name:.*}],methods=[GET],produces=[application/json]}" onto public java.lang.Object org.springframework.boot.actuate.endpoint.mvc.EnvironmentMvcEndpoint.value(java.lang.String)
2016-06-29 11:05:09.815  INFO 9007 --- [    Test worker] o.s.b.a.e.mvc.EndpointHandlerMapping     : Mapped "{[/env || /env.json],methods=[GET],produces=[application/json]}" onto public java.lang.Object org.springframework.boot.actuate.endpoint.mvc.EndpointMvcAdapter.invoke()
2016-06-29 11:05:09.816  INFO 9007 --- [    Test worker] o.s.b.a.e.mvc.EndpointHandlerMapping     : Mapped "{[/metrics/{name:.*}],methods=[GET],produces=[application/json]}" onto public java.lang.Object org.springframework.boot.actuate.endpoint.mvc.MetricsMvcEndpoint.value(java.lang.String)
2016-06-29 11:05:09.817  INFO 9007 --- [    Test worker] o.s.b.a.e.mvc.EndpointHandlerMapping     : Mapped "{[/metrics || /metrics.json],methods=[GET],produces=[application/json]}" onto public java.lang.Object org.springframework.boot.actuate.endpoint.mvc.EndpointMvcAdapter.invoke()
2016-06-29 11:05:09.818  INFO 9007 --- [    Test worker] o.s.b.a.e.mvc.EndpointHandlerMapping     : Mapped "{[/mappings || /mappings.json],methods=[GET],produces=[application/json]}" onto public java.lang.Object org.springframework.boot.actuate.endpoint.mvc.EndpointMvcAdapter.invoke()
2016-06-29 11:05:09.819  INFO 9007 --- [    Test worker] o.s.b.a.e.mvc.EndpointHandlerMapping     : Mapped "{[/trace || /trace.json],methods=[GET],produces=[application/json]}" onto public java.lang.Object org.springframework.boot.actuate.endpoint.mvc.EndpointMvcAdapter.invoke()
2016-06-29 11:05:09.820  INFO 9007 --- [    Test worker] o.s.b.a.e.mvc.EndpointHandlerMapping     : Mapped "{[/info || /info.json],methods=[GET],produces=[application/json]}" onto public java.lang.Object org.springframework.boot.actuate.endpoint.mvc.EndpointMvcAdapter.invoke()
2016-06-29 11:05:10.160  INFO 9007 --- [    Test worker] c.f.searchengine.DemoApplicationTests    : Started DemoApplicationTests in 10.401 seconds (JVM running for 12.575)
]]></system-out>
  <system-err><![CDATA[]]></system-err>
</testsuite>
